This is pdfTeX, Version 3.141592653-2.6-1.40.24 (TeX Live 2022) (preloaded format=latex 2022.9.25)  25 SEP 2022 22:54
entering extended mode
 restricted \write18 enabled.
 %&-line parsing enabled.
**dviout 341hw4.dvi
(./341hw4.dvi
LaTeX2e <2022-06-01> patch level 5
L3 programming layer <2022-08-30>

! LaTeX Error: Invalid UTF-8 byte "F7.

See the LaTeX manual or LaTeX Companion for explanation.
Type  H <return>  for immediate help.
 ...                                              
                                                  
l.1 ÷
     ^^B^^Aƒ’À^^\;^^@^^@^^@^^@^^Cè^^[ TeX output 2022.09.25:2232‹^^@^^@^^@^^...

? 

! LaTeX Error: Unicode character ^^B (U+0002)
               not set up for use with LaTeX.

See the LaTeX manual or LaTeX Companion for explanation.
Type  H <return>  for immediate help.
 ...                                              
                                                  
l.1 ÷^^B
        ^^Aƒ’À^^\;^^@^^@^^@^^@^^Cè^^[ TeX output 2022.09.25:2232‹^^@^^@^^@^^...

? 

! LaTeX Error: Unicode character ^^A (U+0001)
               not set up for use with LaTeX.

See the LaTeX manual or LaTeX Companion for explanation.
Type  H <return>  for immediate help.
 ...                                              
                                                  
l.1 ÷^^B^^A
           ƒ’À^^\;^^@^^@^^@^^@^^Cè^^[ TeX output 2022.09.25:2232‹^^@^^@^^@^^...

? 

! LaTeX Error: Invalid UTF-8 byte "83.

See the LaTeX manual or LaTeX Companion for explanation.
Type  H <return>  for immediate help.
 ...                                              
                                                  
l.1 ÷^^B^^Aƒ
            ’À^^\;^^@^^@^^@^^@^^Cè^^[ TeX output 2022.09.25:2232‹^^@^^@^^@^^...

? 

! LaTeX Error: Invalid UTF-8 byte "92.

See the LaTeX manual or LaTeX Companion for explanation.
Type  H <return>  for immediate help.
 ...                                              
                                                  
l.1 ÷^^B^^Aƒ’
             À^^\;^^@^^@^^@^^@^^Cè^^[ TeX output 2022.09.25:2232‹^^@^^@^^@^^...

? 

! LaTeX Error: Invalid UTF-8 byte "C0.

See the LaTeX manual or LaTeX Companion for explanation.
Type  H <return>  for immediate help.
 ...                                              
                                                  
l.1 ÷^^B^^Aƒ’À
              ^^\;^^@^^@^^@^^@^^Cè^^[ TeX output 2022.09.25:2232‹^^@^^@^^@^^...

? 

! LaTeX Error: Unicode character ^^\ (U+001C)
               not set up for use with LaTeX.

See the LaTeX manual or LaTeX Companion for explanation.
Type  H <return>  for immediate help.
 ...                                              
                                                  
l.1 ÷^^B^^Aƒ’À^^\
                 ;^^@^^@^^@^^@^^Cè^^[ TeX output 2022.09.25:2232‹^^@^^@^^@^^...

? 

! LaTeX Error: Missing \begin{document}.

See the LaTeX manual or LaTeX Companion for explanation.
Type  H <return>  for immediate help.
 ...                                              
                                                  
l.1 ÷^^B^^Aƒ’À^^\;
                  ^^@^^@^^@^^@^^Cè^^[ TeX output 2022.09.25:2232‹^^@^^@^^@^^...

? 
Missing character: There is no ; in font nullfont!
! Text line contains an invalid character.
l.1 ÷^^B^^Aƒ’À^^\;^^@
                     ^^@^^@^^@^^Cè^^[ TeX output 2022.09.25:2232‹^^@^^@^^@^^...

? 
! Text line contains an invalid character.
l.1 ÷^^B^^Aƒ’À^^\;^^@^^@
                        ^^@^^@^^Cè^^[ TeX output 2022.09.25:2232‹^^@^^@^^@^^...

? 
! Text line contains an invalid character.
l.1 ÷^^B^^Aƒ’À^^\;^^@^^@^^@
                           ^^@^^Cè^^[ TeX output 2022.09.25:2232‹^^@^^@^^@^^...

? 
! Text line contains an invalid character.
l.1 ÷^^B^^Aƒ’À^^\;^^@^^@^^@^^@
                              ^^Cè^^[ TeX output 2022.09.25:2232‹^^@^^@^^@^^...

? 

! LaTeX Error: Unicode character ^^C (U+0003)
               not set up for use with LaTeX.

See the LaTeX manual or LaTeX Companion for explanation.
Type  H <return>  for immediate help.
 ...                                              
                                                  
l.1 ÷^^B^^Aƒ’À^^\;^^@^^@^^@^^@^^C
                                 è^^[ TeX output 2022.09.25:2232‹^^@^^@^^@^^...

? 

! LaTeX Error: Invalid UTF-8 byte sequence (è^^[T).

See the LaTeX manual or LaTeX Companion for explanation.
Type  H <return>  for immediate help.
 ...                                              
                                                  
l.1 ÷^^B^^Aƒ’À^^\;^^@^^@^^@^^@^^Cè^^[ T
                                       eX output 2022.09.25:2232‹^^@^^@^^@^^...

? 
Missing character: There is no e in font nullfont!
Missing character: There is no X in font nullfont!
Missing character: There is no o in font nullfont!
Missing character: There is no u in font nullfont!
Missing character: There is no t in font nullfont!
Missing character: There is no p in font nullfont!
Missing character: There is no u in font nullfont!
Missing character: There is no t in font nullfont!
Missing character: There is no 2 in font nullfont!
Missing character: There is no 0 in font nullfont!
Missing character: There is no 2 in font nullfont!
Missing character: There is no 2 in font nullfont!
Missing character: There is no . in font nullfont!
Missing character: There is no 0 in font nullfont!
Missing character: There is no 9 in font nullfont!
Missing character: There is no . in font nullfont!
Missing character: There is no 2 in font nullfont!
Missing character: There is no 5 in font nullfont!
Missing character: There is no : in font nullfont!
Missing character: There is no 2 in font nullfont!
Missing character: There is no 2 in font nullfont!
Missing character: There is no 3 in font nullfont!
Missing character: There is no 2 in font nullfont!

! LaTeX Error: Invalid UTF-8 byte "8B.

See the LaTeX manual or LaTeX Companion for explanation.
Type  H <return>  for immediate help.
 ...                                              
                                                  
l.1 ...^@^^@^^@^^Cè^^[ TeX output 2022.09.25:2232‹
                                                  ^^@^^@^^@^^A^^@^^@^^@^^@^^...

? 
! Text line contains an invalid character.
l.1 ...^@^^@^^Cè^^[ TeX output 2022.09.25:2232‹^^@
                                                  ^^@^^@^^A^^@^^@^^@^^@^^@^^...

? 
! Text line contains an invalid character.
l.1 ...^@^^Cè^^[ TeX output 2022.09.25:2232‹^^@^^@
                                                  ^^@^^A^^@^^@^^@^^@^^@^^@^^...

? 
! Text line contains an invalid character.
l.1 ...^Cè^^[ TeX output 2022.09.25:2232‹^^@^^@^^@
                                                  ^^A^^@^^@^^@^^@^^@^^@^^@^^...

? 

! LaTeX Error: Unicode character ^^A (U+0001)
               not set up for use with LaTeX.

See the LaTeX manual or LaTeX Companion for explanation.
Type  H <return>  for immediate help.
 ...                                              
                                                  
l.1 ...^^[ TeX output 2022.09.25:2232‹^^@^^@^^@^^A
                                                  ^^@^^@^^@^^@^^@^^@^^@^^@^^...

? 
! Text line contains an invalid character.
l.1 ... TeX output 2022.09.25:2232‹^^@^^@^^@^^A^^@
                                                  ^^@^^@^^@^^@^^@^^@^^@^^@^^...

? 
! Text line contains an invalid character.
l.1 ...X output 2022.09.25:2232‹^^@^^@^^@^^A^^@^^@
                                                  ^^@^^@^^@^^@^^@^^@^^@^^@^^...

? 
! Text line contains an invalid character.
l.1 ...utput 2022.09.25:2232‹^^@^^@^^@^^A^^@^^@^^@
                                                  ^^@^^@^^@^^@^^@^^@^^@^^@^^...

? 
! Text line contains an invalid character.
l.1 ...ut 2022.09.25:2232‹^^@^^@^^@^^A^^@^^@^^@^^@
                                                  ^^@^^@^^@^^@^^@^^@^^@^^@^^...

? 
! Text line contains an invalid character.
l.1 ...2022.09.25:2232‹^^@^^@^^@^^A^^@^^@^^@^^@^^@
                                                  ^^@^^@^^@^^@^^@^^@^^@^^@^^...

? 
! Text line contains an invalid character.
l.1 ...2.09.25:2232‹^^@^^@^^@^^A^^@^^@^^@^^@^^@^^@
                                                  ^^@^^@^^@^^@^^@^^@^^@^^@^^...

? 
! Text line contains an invalid character.
l.1 ...9.25:2232‹^^@^^@^^@^^A^^@^^@^^@^^@^^@^^@^^@
                                                  ^^@^^@^^@^^@^^@^^@^^@^^@^^...

? 
! Text line contains an invalid character.
l.1 ...5:2232‹^^@^^@^^@^^A^^@^^@^^@^^@^^@^^@^^@^^@
                                                  ^^@^^@^^@^^@^^@^^@^^@^^@^^...

? 
! Text line contains an invalid character.
l.1 ...232‹^^@^^@^^@^^A^^@^^@^^@^^@^^@^^@^^@^^@^^@
                                                  ^^@^^@^^@^^@^^@^^@^^@^^@^^...

? 
! Text line contains an invalid character.
l.1 ...‹^^@^^@^^@^^A^^@^^@^^@^^@^^@^^@^^@^^@^^@^^@
                                                  ^^@^^@^^@^^@^^@^^@^^@^^@^^...

? 
! Text line contains an invalid character.
l.1 ...@^^@^^@^^A^^@^^@^^@^^@^^@^^@^^@^^@^^@^^@^^@
                                                  ^^@^^@^^@^^@^^@^^@^^@^^@^^...

? 
! Text line contains an invalid character.
l.1 ...@^^@^^A^^@^^@^^@^^@^^@^^@^^@^^@^^@^^@^^@^^@
                                                  ^^@^^@^^@^^@^^@^^@^^@^^@^^...

? 
! Text line contains an invalid character.
l.1 ...@^^A^^@^^@^^@^^@^^@^^@^^@^^@^^@^^@^^@^^@^^@
                                                  ^^@^^@^^@^^@^^@^^@^^@^^@^^...

? 
! Text line contains an invalid character.
l.1 ...A^^@^^@^^@^^@^^@^^@^^@^^@^^@^^@^^@^^@^^@^^@
                                                  ^^@^^@^^@^^@^^@^^@^^@^^@^^...

? 
! Text line contains an invalid character.
l.1 ...@^^@^^@^^@^^@^^@^^@^^@^^@^^@^^@^^@^^@^^@^^@
                                                  ^^@^^@^^@^^@^^@^^@^^@^^@^^...

? 
! Text line contains an invalid character.
l.1 ...@^^@^^@^^@^^@^^@^^@^^@^^@^^@^^@^^@^^@^^@^^@
                                                  ^^@^^@^^@^^@^^@^^@^^@^^@^^...

? 
! Text line contains an invalid character.
l.1 ...@^^@^^@^^@^^@^^@^^@^^@^^@^^@^^@^^@^^@^^@^^@
                                                  ^^@^^@^^@^^@^^@^^@^^@^^@^^...

? 
! Text line contains an invalid character.
l.1 ...@^^@^^@^^@^^@^^@^^@^^@^^@^^@^^@^^@^^@^^@^^@
                                                  ^^@^^@^^@^^@^^@^^@^^@^^@^^...

? 
! Text line contains an invalid character.
l.1 ...@^^@^^@^^@^^@^^@^^@^^@^^@^^@^^@^^@^^@^^@^^@
                                                  ^^@^^@^^@^^@^^@^^@^^@^^@^^...

? 
! Text line contains an invalid character.
l.1 ...@^^@^^@^^@^^@^^@^^@^^@^^@^^@^^@^^@^^@^^@^^@
                                                  ^^@^^@^^@^^@^^@^^@^^@^^@^^...

? 
! Text line contains an invalid character.
l.1 ...@^^@^^@^^@^^@^^@^^@^^@^^@^^@^^@^^@^^@^^@^^@
                                                  ^^@^^@^^@^^@^^@^^@^^@^^@^^...

? 
! Text line contains an invalid character.
l.1 ...@^^@^^@^^@^^@^^@^^@^^@^^@^^@^^@^^@^^@^^@^^@
                                                  ^^@^^@^^@^^@^^@^^@^^@^^@^^...

? 
! Text line contains an invalid character.
l.1 ...@^^@^^@^^@^^@^^@^^@^^@^^@^^@^^@^^@^^@^^@^^@
                                                  ^^@^^@^^@^^@^^@^^@^^@^^@^^...

? 
! Text line contains an invalid character.
l.1 ...@^^@^^@^^@^^@^^@^^@^^@^^@^^@^^@^^@^^@^^@^^@
                                                  ^^@^^@^^@^^@^^@^^@^^@^^@^^...

? 
! Text line contains an invalid character.
l.1 ...@^^@^^@^^@^^@^^@^^@^^@^^@^^@^^@^^@^^@^^@^^@
                                                  ^^@^^@^^@^^@^^@^^@^^@^^@^^...

? 
! Text line contains an invalid character.
l.1 ...@^^@^^@^^@^^@^^@^^@^^@^^@^^@^^@^^@^^@^^@^^@
                                                  ^^@^^@^^@^^@^^@^^@^^@^^@^^...

? 
! Text line contains an invalid character.
l.1 ...@^^@^^@^^@^^@^^@^^@^^@^^@^^@^^@^^@^^@^^@^^@
                                                  ^^@^^@^^@^^@^^@^^@^^@^^@^^...

? 
! Text line contains an invalid character.
l.1 ...@^^@^^@^^@^^@^^@^^@^^@^^@^^@^^@^^@^^@^^@^^@
                                                  ^^@^^@^^@^^@^^@^^@^^@^^@ÿÿ...

? 
! Text line contains an invalid character.
l.1 ...@^^@^^@^^@^^@^^@^^@^^@^^@^^@^^@^^@^^@^^@^^@
                                                  ^^@^^@^^@^^@^^@^^@^^@ÿÿÿÿ...

? 
! Text line contains an invalid character.
l.1 ...@^^@^^@^^@^^@^^@^^@^^@^^@^^@^^@^^@^^@^^@^^@
                                                  ^^@^^@^^@^^@^^@^^@ÿÿÿÿï^^...

? 
! Text line contains an invalid character.
l.1 ...@^^@^^@^^@^^@^^@^^@^^@^^@^^@^^@^^@^^@^^@^^@
                                                  ^^@^^@^^@^^@^^@ÿÿÿÿï^^Zhe...

? 
! Text line contains an invalid character.
l.1 ...@^^@^^@^^@^^@^^@^^@^^@^^@^^@^^@^^@^^@^^@^^@
                                                  ^^@^^@^^@^^@ÿÿÿÿï^^Zheade...

? 
! Text line contains an invalid character.
l.1 ...@^^@^^@^^@^^@^^@^^@^^@^^@^^@^^@^^@^^@^^@^^@
                                                  ^^@^^@^^@ÿÿÿÿï^^Zheader=l...

? 
! Text line contains an invalid character.
l.1 ...@^^@^^@^^@^^@^^@^^@^^@^^@^^@^^@^^@^^@^^@^^@
                                                  ^^@^^@ÿÿÿÿï^^Zheader=l3ba...

? 
! Text line contains an invalid character.
l.1 ...@^^@^^@^^@^^@^^@^^@^^@^^@^^@^^@^^@^^@^^@^^@
                                                  ^^@ÿÿÿÿï^^Zheader=l3backe...

? 
! Text line contains an invalid character.
l.1 ...@^^@^^@^^@^^@^^@^^@^^@^^@^^@^^@^^@^^@^^@^^@
                                                  ÿÿÿÿï^^Zheader=l3backend-...

? 

! LaTeX Error: Invalid UTF-8 byte "FF.

See the LaTeX manual or LaTeX Companion for explanation.
Type  H <return>  for immediate help.
 ...                                              
                                                  
l.1 ...^^@^^@^^@^^@^^@^^@^^@^^@^^@^^@^^@^^@^^@^^@ÿ
                                                  ÿÿÿï^^Zheader=l3backend-d...

? 

! LaTeX Error: Invalid UTF-8 byte "FF.

See the LaTeX manual or LaTeX Companion for explanation.
Type  H <return>  for immediate help.
 ...                                              
                                                  
l.1 ...^@^^@^^@^^@^^@^^@^^@^^@^^@^^@^^@^^@^^@^^@ÿÿ
                                                  ÿÿï^^Zheader=l3backend-dv...

? 

! LaTeX Error: Invalid UTF-8 byte "FF.

See the LaTeX manual or LaTeX Companion for explanation.
Type  H <return>  for immediate help.
 ...                                              
                                                  
l.1 ...@^^@^^@^^@^^@^^@^^@^^@^^@^^@^^@^^@^^@^^@ÿÿÿ
                                                  ÿï^^Zheader=l3backend-dvi...

? 

! LaTeX Error: Invalid UTF-8 byte "FF.

See the LaTeX manual or LaTeX Companion for explanation.
Type  H <return>  for immediate help.
 ...                                              
                                                  
l.1 ...^^@^^@^^@^^@^^@^^@^^@^^@^^@^^@^^@^^@^^@ÿÿÿÿ
                                                  ï^^Zheader=l3backend-dvip...

? 

! LaTeX Error: Invalid UTF-8 byte "8D.

See the LaTeX manual or LaTeX Companion for explanation.
Type  H <return>  for immediate help.
 ...                                              
                                                  
l.1 ...^@^^@^^@^^@^^@^^@^^@^^@^^@^^@^^@^^@^^@ÿÿÿÿ
                                                  ï^^Zheader=l3backend-dvips...

? 

! LaTeX Error: Invalid UTF-8 byte sequence (ï^^Zh).

See the LaTeX manual or LaTeX Companion for explanation.
Type  H <return>  for immediate help.
 ...                                              
                                                  
l.1 ...^^@^^@^^@^^@^^@^^@^^@^^@^^@^^@^^@ÿÿÿÿï^^Zh
                                                  eader=l3backend-dvips.pro...

? 
Missing character: There is no e in font nullfont!
Missing character: There is no a in font nullfont!
Missing character: There is no d in font nullfont!
Missing character: There is no e in font nullfont!
Missing character: There is no r in font nullfont!
Missing character: There is no = in font nullfont!
Missing character: There is no l in font nullfont!
Missing character: There is no 3 in font nullfont!
Missing character: There is no b in font nullfont!
Missing character: There is no a in font nullfont!
Missing character: There is no c in font nullfont!
Missing character: There is no k in font nullfont!
Missing character: There is no e in font nullfont!
Missing character: There is no n in font nullfont!
Missing character: There is no d in font nullfont!
Missing character: There is no - in font nullfont!
Missing character: There is no d in font nullfont!
Missing character: There is no v in font nullfont!
Missing character: There is no i in font nullfont!
Missing character: There is no p in font nullfont!
Missing character: There is no s in font nullfont!
Missing character: There is no . in font nullfont!
Missing character: There is no p in font nullfont!
Missing character: There is no r in font nullfont!
Missing character: There is no o in font nullfont!

! LaTeX Error: Invalid UTF-8 byte "8E.

See the LaTeX manual or LaTeX Companion for explanation.
Type  H <return>  for immediate help.
 ...                                              
                                                  
l.1 ...@^^@^^@ÿÿÿÿï^^Zheader=l3backend-dvips.pro
                                                   ^^By^^@^^@ ı£^^@^^@ ^^B?...

? 

! LaTeX Error: Invalid UTF-8 byte "A0.

See the LaTeX manual or LaTeX Companion for explanation.
Type  H <return>  for immediate help.
 ...                                              
                                                  
l.1 ...^^@^^@ÿÿÿÿï^^Zheader=l3backend-dvips.pro 
                                                  ^^By^^@^^@ ı£^^@^^@ ^^B?^...

? 

! LaTeX Error: Unicode character ^^B (U+0002)
               not set up for use with LaTeX.

See the LaTeX manual or LaTeX Companion for explanation.
Type  H <return>  for immediate help.
 ...                                              
                                                  
l.1 ...^^@ÿÿÿÿï^^Zheader=l3backend-dvips.pro ^^B
                                                  y^^@^^@ ı£^^@^^@ ^^B?^^@^...

? 
Missing character: There is no y in font nullfont!
! Text line contains an invalid character.
l.1 ...ÿÿÿï^^Zheader=l3backend-dvips.pro ^^By^^@
                                                  ^^@ ı£^^@^^@ ^^B?^^@^^@ ...

? 
! Text line contains an invalid character.
l.1 ...ï^^Zheader=l3backend-dvips.pro ^^By^^@^^@
                                                   ı£^^@^^@ ^^B?^^@^^@ ıä^...

? 

! LaTeX Error: Invalid UTF-8 byte "8D.

See the LaTeX manual or LaTeX Companion for explanation.
Type  H <return>  for immediate help.
 ...                                              
                                                  
l.1 ...ï^^Zheader=l3backend-dvips.pro ^^By^^@^^@
                                                   ı£^^@^^@ ^^B?^^@^^@ ıä^^...

? 

! LaTeX Error: Invalid UTF-8 byte "A0.

See the LaTeX manual or LaTeX Companion for explanation.
Type  H <return>  for immediate help.
 ...                                              
                                                  
l.1 ...^^Zheader=l3backend-dvips.pro ^^By^^@^^@ 
                                                  ı£^^@^^@ ^^B?^^@^^@ ıä^^@...

? 

! LaTeX Error: Invalid UTF-8 byte "FD.

See the LaTeX manual or LaTeX Companion for explanation.
Type  H <return>  for immediate help.
 ...                                              
                                                  
l.1 ...^Zheader=l3backend-dvips.pro ^^By^^@^^@ ı
                                                  £^^@^^@ ^^B?^^@^^@ ıä^^@^...

? 

! LaTeX Error: Invalid UTF-8 byte "A3.

See the LaTeX manual or LaTeX Companion for explanation.
Type  H <return>  for immediate help.
 ...                                              
                                                  
l.1 ...Zheader=l3backend-dvips.pro ^^By^^@^^@ ı£
                                                  ^^@^^@ ^^B?^^@^^@ ıä^^@^^...

? 
! Text line contains an invalid character.
l.1 ...ader=l3backend-dvips.pro ^^By^^@^^@ ı£^^@
                                                  ^^@ ^^B?^^@^^@ ıä^^@^^@‘...

? 
! Text line contains an invalid character.
l.1 ...r=l3backend-dvips.pro ^^By^^@^^@ ı£^^@^^@
                                                   ^^B?^^@^^@ ıä^^@^^@‘Sªª...

? 

! LaTeX Error: Invalid UTF-8 byte "A0.

See the LaTeX manual or LaTeX Companion for explanation.
Type  H <return>  for immediate help.
 ...                                              
                                                  
l.1 ...=l3backend-dvips.pro ^^By^^@^^@ ı£^^@^^@ 
                                                  ^^B?^^@^^@ ıä^^@^^@‘Sªªó...

? 

! LaTeX Error: Unicode character ^^B (U+0002)
               not set up for use with LaTeX.

See the LaTeX manual or LaTeX Companion for explanation.
Type  H <return>  for immediate help.
 ...                                              
                                                  
l.1 ...backend-dvips.pro ^^By^^@^^@ ı£^^@^^@ ^^B
                                                  ?^^@^^@ ıä^^@^^@‘Sªªó^^S...

? 
Missing character: There is no ? in font nullfont!
! Text line contains an invalid character.
l.1 ...end-dvips.pro ^^By^^@^^@ ı£^^@^^@ ^^B?^^@
                                                  ^^@ ıä^^@^^@‘Sªªó^^SKñ`y^^@

? 
! Text line contains an invalid character.
l.1 ...-dvips.pro ^^By^^@^^@ ı£^^@^^@ ^^B?^^@^^@
                                                   ıä^^@^^@‘Sªªó^^SKñ`y^^@
? 

! LaTeX Error: Invalid UTF-8 byte "8D.

See the LaTeX manual or LaTeX Companion for explanation.
Type  H <return>  for immediate help.
 ...                                              
                                                  
l.1 ...dvips.pro ^^By^^@^^@ ı£^^@^^@ ^^B?^^@^^@
                                                   ıä^^@^^@‘Sªªó^^SKñ`y^^@
? 

! LaTeX Error: Invalid UTF-8 byte "A0.

See the LaTeX manual or LaTeX Companion for explanation.
Type  H <return>  for immediate help.
 ...                                              
                                                  
l.1 ...vips.pro ^^By^^@^^@ ı£^^@^^@ ^^B?^^@^^@ 
                                                  ıä^^@^^@‘Sªªó^^SKñ`y^^@
? 

! LaTeX Error: Invalid UTF-8 byte "FD.

See the LaTeX manual or LaTeX Companion for explanation.
Type  H <return>  for immediate help.
 ...                                              
                                                  
l.1 ...ips.pro ^^By^^@^^@ ı£^^@^^@ ^^B?^^@^^@ ı
                                                  ä^^@^^@‘Sªªó^^SKñ`y^^@
? 
! Text line contains an invalid character.
l.1 ...pro ^^By^^@^^@ ı£^^@^^@ ^^B?^^@^^@ ıä^^@
                                                  ^^@‘Sªªó^^SKñ`y^^@
? 
! Text line contains an invalid character.
l.1 ... ^^By^^@^^@ ı£^^@^^@ ^^B?^^@^^@ ıä^^@^^@
                                                  ‘Sªªó^^SKñ`y^^@
? 

! LaTeX Error: Unicode character ä‘ (U+4351)
               not set up for use with LaTeX.

See the LaTeX manual or LaTeX Companion for explanation.
Type  H <return>  for immediate help.
 ...                                              
                                                  
l.1 ...^^By^^@^^@ ı£^^@^^@ ^^B?^^@^^@ ıä^^@^^@‘
                                                  Sªªó^^SKñ`y^^@
? 
Missing character: There is no S in font nullfont!

! LaTeX Error: Invalid UTF-8 byte "AA.

See the LaTeX manual or LaTeX Companion for explanation.
Type  H <return>  for immediate help.
 ...                                              
                                                  
l.1 ...By^^@^^@ ı£^^@^^@ ^^B?^^@^^@ ıä^^@^^@‘Sª
                                                  ªó^^SKñ`y^^@
? 

! LaTeX Error: Invalid UTF-8 byte "AA.

See the LaTeX manual or LaTeX Companion for explanation.
Type  H <return>  for immediate help.
 ...                                              
                                                  
l.1 ...y^^@^^@ ı£^^@^^@ ^^B?^^@^^@ ıä^^@^^@‘Sªª
                                                  ó^^SKñ`y^^@
? 

! LaTeX Error: Invalid UTF-8 byte sequence (ó^^SKñ).

See the LaTeX manual or LaTeX Companion for explanation.
Type  H <return>  for immediate help.
 ...                                              
                                                  
l.1 ...@ ı£^^@^^@ ^^B?^^@^^@ ıä^^@^^@‘Sªªó^^SKñ
                                                  `y^^@
? 
Missing character: There is no ` in font nullfont!
Missing character: There is no y in font nullfont!
! Text line contains an invalid character.
l.1 ...^^@^^@ ^^B?^^@^^@ ıä^^@^^@‘Sªªó^^SKñ`y^^@
                                                  
? 
! Text line contains an invalid character.
l.2 ^^@
       ^^@^^@
? 
! Text line contains an invalid character.
l.2 ^^@^^@
          ^^@
? 
! Text line contains an invalid character.
l.2 ^^@^^@^^@
             
? 

Overfull \hbox (20.0pt too wide) in paragraph at lines 1--2
[]
 []

! Text line contains an invalid character.
l.3 ^^@
       ^^@^^@^^Ecmr10¾T‘ÿ*ªextŸ^^^^^@^^@’^^@è^^@^^@1Œø^^@^^@^^@*^^Aƒ’...

? 
! Text line contains an invalid character.
l.3 ^^@^^@
          ^^@^^Ecmr10¾T‘ÿ*ªextŸ^^^^^@^^@’^^@è^^@^^@1Œø^^@^^@^^@*^^Aƒ’...

? 
! Text line contains an invalid character.
l.3 ^^@^^@^^@
             ^^Ecmr10¾T‘ÿ*ªextŸ^^^^^@^^@’^^@è^^@^^@1Œø^^@^^@^^@*^^Aƒ’...

? 

! LaTeX Error: Unicode character ^^E (U+0005)
               not set up for use with LaTeX.

See the LaTeX manual or LaTeX Companion for explanation.
Type  H <return>  for immediate help.
 ...                                              
                                                  
l.3 ^^@^^@^^@^^E
                cmr10¾T‘ÿ*ªextŸ^^^^^@^^@’^^@è^^@^^@1Œø^^@^^@^^@*^^Aƒ’...

? 

! LaTeX Error: Missing \begin{document}.

See the LaTeX manual or LaTeX Companion for explanation.
Type  H <return>  for immediate help.
 ...                                              
                                                  
l.3 ^^@^^@^^@^^Ec
                 mr10¾T‘ÿ*ªextŸ^^^^^@^^@’^^@è^^@^^@1Œø^^@^^@^^@*^^Aƒ’...

? 
Missing character: There is no c in font nullfont!
Missing character: There is no m in font nullfont!
Missing character: There is no r in font nullfont!
Missing character: There is no 1 in font nullfont!
Missing character: There is no 0 in font nullfont!

! LaTeX Error: Invalid UTF-8 byte "BE.

See the LaTeX manual or LaTeX Companion for explanation.
Type  H <return>  for immediate help.
 ...                                              
                                                  
l.3 ^^@^^@^^@^^Ecmr10¾
                      T‘ÿ*ªextŸ^^^^^@^^@’^^@è^^@^^@1Œø^^@^^@^^@*^^Aƒ’...

? 
Missing character: There is no T in font nullfont!

! LaTeX Error: Invalid UTF-8 byte "91.

See the LaTeX manual or LaTeX Companion for explanation.
Type  H <return>  for immediate help.
 ...                                              
                                                  
l.3 ^^@^^@^^@^^Ecmr10¾T‘
                        ÿ*ªextŸ^^^^^@^^@’^^@è^^@^^@1Œø^^@^^@^^@*^^Aƒ’...

? 

! LaTeX Error: Invalid UTF-8 byte "FF.

See the LaTeX manual or LaTeX Companion for explanation.
Type  H <return>  for immediate help.
 ...                                              
                                                  
l.3 ^^@^^@^^@^^Ecmr10¾T‘ÿ
                         *ªextŸ^^^^^@^^@’^^@è^^@^^@1Œø^^@^^@^^@*^^Aƒ’...

? 
Missing character: There is no * in font nullfont!

! LaTeX Error: Invalid UTF-8 byte "AA.

See the LaTeX manual or LaTeX Companion for explanation.
Type  H <return>  for immediate help.
 ...                                              
                                                  
l.3 ^^@^^@^^@^^Ecmr10¾T‘ÿ*ª
                           extŸ^^^^^@^^@’^^@è^^@^^@1Œø^^@^^@^^@*^^Aƒ’...

? 
Missing character: There is no e in font nullfont!
Missing character: There is no x in font nullfont!
Missing character: There is no t in font nullfont!

! LaTeX Error: Invalid UTF-8 byte "8E.

See the LaTeX manual or LaTeX Companion for explanation.
Type  H <return>  for immediate help.
 ...                                              
                                                  
l.3 ^^@^^@^^@^^Ecmr10¾T‘ÿ*ªext
                               Ÿ^^^^^@^^@’^^@è^^@^^@1Œø^^@^^@^^@*^^Aƒ’...

? 

! LaTeX Error: Invalid UTF-8 byte "8E.

See the LaTeX manual or LaTeX Companion for explanation.
Type  H <return>  for immediate help.
 ...                                              
                                                  
l.3 ^^@^^@^^@^^Ecmr10¾T‘ÿ*ªext
                                Ÿ^^^^^@^^@’^^@è^^@^^@1Œø^^@^^@^^@*^^Aƒ’...

? 

! LaTeX Error: Invalid UTF-8 byte "9F.

See the LaTeX manual or LaTeX Companion for explanation.
Type  H <return>  for immediate help.
 ...                                              
                                                  
l.3 ^^@^^@^^@^^Ecmr10¾T‘ÿ*ªextŸ
                                 ^^^^^@^^@’^^@è^^@^^@1Œø^^@^^@^^@*^^Aƒ’...

? 

! LaTeX Error: Unicode character ^^^ (U+001E)
               not set up for use with LaTeX.

See the LaTeX manual or LaTeX Companion for explanation.
Type  H <return>  for immediate help.
 ...                                              
                                                  
l.3 ^^@^^@^^@^^Ecmr10¾T‘ÿ*ªextŸ^^^
                                    ^^@^^@’^^@è^^@^^@1Œø^^@^^@^^@*^^Aƒ’...

? 
! Text line contains an invalid character.
l.3 ^^@^^@^^@^^Ecmr10¾T‘ÿ*ªextŸ^^^^^@
                                       ^^@’^^@è^^@^^@1Œø^^@^^@^^@*^^Aƒ’...

? 
! Text line contains an invalid character.
l.3 ^^@^^@^^@^^Ecmr10¾T‘ÿ*ªextŸ^^^^^@^^@
                                          ’^^@è^^@^^@1Œø^^@^^@^^@*^^Aƒ’...

? 

! LaTeX Error: Invalid UTF-8 byte "8D.

See the LaTeX manual or LaTeX Companion for explanation.
Type  H <return>  for immediate help.
 ...                                              
                                                  
l.3 ^^@^^@^^@^^Ecmr10¾T‘ÿ*ªextŸ^^^^^@^^@
                                           ’^^@è^^@^^@1Œø^^@^^@^^@*^^Aƒ’...

? 

! LaTeX Error: Invalid UTF-8 byte "8D.

See the LaTeX manual or LaTeX Companion for explanation.
Type  H <return>  for immediate help.
 ...                                              
                                                  
l.3 ^^@^^@^^@^^Ecmr10¾T‘ÿ*ªextŸ^^^^^@^^@
                                            ’^^@è^^@^^@1Œø^^@^^@^^@*^^Aƒ’...

? 

! LaTeX Error: Invalid UTF-8 byte "92.

See the LaTeX manual or LaTeX Companion for explanation.
Type  H <return>  for immediate help.
 ...                                              
                                                  
l.3 ^^@^^@^^@^^Ecmr10¾T‘ÿ*ªextŸ^^^^^@^^@’
                                             ^^@è^^@^^@1Œø^^@^^@^^@*^^Aƒ’...

? 
! Text line contains an invalid character.
l.3 ^^@^^@^^@^^Ecmr10¾T‘ÿ*ªextŸ^^^^^@^^@’^^@
                                                è^^@^^@1Œø^^@^^@^^@*^^Aƒ’...

? 
! Text line contains an invalid character.
l.3 ...@^^@^^Ecmr10¾T‘ÿ*ªextŸ^^^^^@^^@’^^@è^^@
                                                  ^^@1Œø^^@^^@^^@*^^Aƒ’À^...

? 
! Text line contains an invalid character.
l.3 ...@^^Ecmr10¾T‘ÿ*ªextŸ^^^^^@^^@’^^@è^^@^^@
                                                  1Œø^^@^^@^^@*^^Aƒ’À^^\;...

? 

! LaTeX Error: Invalid UTF-8 byte sequence (è1).

See the LaTeX manual or LaTeX Companion for explanation.
Type  H <return>  for immediate help.
 ...                                              
                                                  
l.3 ...^Ecmr10¾T‘ÿ*ªextŸ^^^^^@^^@’^^@è^^@^^@1
                                                  Œø^^@^^@^^@*^^Aƒ’À^^\;^^...

? 

! LaTeX Error: Invalid UTF-8 byte "8E.

See the LaTeX manual or LaTeX Companion for explanation.
Type  H <return>  for immediate help.
 ...                                              
                                                  
l.3 ...Ecmr10¾T‘ÿ*ªextŸ^^^^^@^^@’^^@è^^@^^@1
                                                  Œø^^@^^@^^@*^^Aƒ’À^^\;^^@...

? 

! LaTeX Error: Invalid UTF-8 byte "8E.

See the LaTeX manual or LaTeX Companion for explanation.
Type  H <return>  for immediate help.
 ...                                              
                                                  
l.3 ...cmr10¾T‘ÿ*ªextŸ^^^^^@^^@’^^@è^^@^^@1
                                                  Œø^^@^^@^^@*^^Aƒ’À^^\;^^@^...

? 

! LaTeX Error: Invalid UTF-8 byte "8C.

See the LaTeX manual or LaTeX Companion for explanation.
Type  H <return>  for immediate help.
 ...                                              
                                                  
l.3 ...mr10¾T‘ÿ*ªextŸ^^^^^@^^@’^^@è^^@^^@1Œ
                                                  ø^^@^^@^^@*^^Aƒ’À^^\;^^@^^...

? 

! LaTeX Error: Invalid UTF-8 byte "F8.

See the LaTeX manual or LaTeX Companion for explanation.
Type  H <return>  for immediate help.
 ...                                              
                                                  
l.3 ...r10¾T‘ÿ*ªextŸ^^^^^@^^@’^^@è^^@^^@1Œø
                                                  ^^@^^@^^@*^^Aƒ’À^^\;^^@^^@...

? 
! Text line contains an invalid character.
l.3 ...¾T‘ÿ*ªextŸ^^^^^@^^@’^^@è^^@^^@1Œø^^@
                                                  ^^@^^@*^^Aƒ’À^^\;^^@^^@^^@...

? 
! Text line contains an invalid character.
l.3 ...ÿ*ªextŸ^^^^^@^^@’^^@è^^@^^@1Œø^^@^^@
                                                  ^^@*^^Aƒ’À^^\;^^@^^@^^@^^@...

? 
! Text line contains an invalid character.
l.3 ...extŸ^^^^^@^^@’^^@è^^@^^@1Œø^^@^^@^^@
                                                  *^^Aƒ’À^^\;^^@^^@^^@^^@^^C...

? 
Missing character: There is no * in font nullfont!

! LaTeX Error: Unicode character ^^A (U+0001)
               not set up for use with LaTeX.

See the LaTeX manual or LaTeX Companion for explanation.
Type  H <return>  for immediate help.
 ...                                              
                                                  
l.3 ...Ÿ^^^^^@^^@’^^@è^^@^^@1Œø^^@^^@^^@*^^A
                                                  ƒ’À^^\;^^@^^@^^@^^@^^Cè^^B...

? 

! LaTeX Error: Invalid UTF-8 byte "83.

See the LaTeX manual or LaTeX Companion for explanation.
Type  H <return>  for immediate help.
 ...                                              
                                                  
l.3 ...Ÿ^^^^^@^^@’^^@è^^@^^@1Œø^^@^^@^^@*^^Aƒ
                                                  ’À^^\;^^@^^@^^@^^@^^Cè^^By...

? 

! LaTeX Error: Invalid UTF-8 byte "92.

See the LaTeX manual or LaTeX Companion for explanation.
Type  H <return>  for immediate help.
 ...                                              
                                                  
l.3 ...^^^^^@^^@’^^@è^^@^^@1Œø^^@^^@^^@*^^Aƒ’
                                                  À^^\;^^@^^@^^@^^@^^Cè^^By^...

? 

! LaTeX Error: Invalid UTF-8 byte "C0.

See the LaTeX manual or LaTeX Companion for explanation.
Type  H <return>  for immediate help.
 ...                                              
                                                  
l.3 ...^^^^@^^@’^^@è^^@^^@1Œø^^@^^@^^@*^^Aƒ’À
                                                  ^^\;^^@^^@^^@^^@^^Cè^^By^^...

? 

! LaTeX Error: Unicode character ^^\ (U+001C)
               not set up for use with LaTeX.

See the LaTeX manual or LaTeX Companion for explanation.
Type  H <return>  for immediate help.
 ...                                              
                                                  
l.3 ...^@^^@’^^@è^^@^^@1Œø^^@^^@^^@*^^Aƒ’À^^\
                                                  ;^^@^^@^^@^^@^^Cè^^By^^@^^...

? 
Missing character: There is no ; in font nullfont!
! Text line contains an invalid character.
l.3 ...@’^^@è^^@^^@1Œø^^@^^@^^@*^^Aƒ’À^^\;^^@
                                                  ^^@^^@^^@^^Cè^^By^^@^^@^^A...

? 
! Text line contains an invalid character.
l.3 ...’^^@è^^@^^@1Œø^^@^^@^^@*^^Aƒ’À^^\;^^@^^@
                                                  ^^@^^@^^Cè^^By^^@^^@^^A—^^...

? 
! Text line contains an invalid character.
l.3 ...@è^^@^^@1Œø^^@^^@^^@*^^Aƒ’À^^\;^^@^^@^^@
                                                  ^^@^^Cè^^By^^@^^@^^A—^^@^^...

? 
! Text line contains an invalid character.
l.3 ...^@^^@1Œø^^@^^@^^@*^^Aƒ’À^^\;^^@^^@^^@^^@
                                                  ^^Cè^^By^^@^^@^^A—^^@^^@^^...

? 

! LaTeX Error: Unicode character ^^C (U+0003)
               not set up for use with LaTeX.

See the LaTeX manual or LaTeX Companion for explanation.
Type  H <return>  for immediate help.
 ...                                              
                                                  
l.3 ...^@1Œø^^@^^@^^@*^^Aƒ’À^^\;^^@^^@^^@^^@^^C
                                                  è^^By^^@^^@^^A—^^@^^@^^@^^...

? 

! LaTeX Error: Invalid UTF-8 byte sequence (è^^By).

See the LaTeX manual or LaTeX Companion for explanation.
Type  H <return>  for immediate help.
 ...                                              
                                                  
l.3 ...Œø^^@^^@^^@*^^Aƒ’À^^\;^^@^^@^^@^^@^^Cè^^By
                                                  ^^@^^@^^A—^^@^^@^^@^^C^^@^...

? 
! Text line contains an invalid character.
l.3 ...^^@^^@^^@*^^Aƒ’À^^\;^^@^^@^^@^^@^^Cè^^By^^@
                                                  ^^@^^A—^^@^^@^^@^^C^^@^^Aó...

? 
! Text line contains an invalid character.
l.3 ...^^@^^@*^^Aƒ’À^^\;^^@^^@^^@^^@^^Cè^^By^^@^^@
                                                  ^^A—^^@^^@^^@^^C^^@^^Aó^^S...

? 

! LaTeX Error: Unicode character ^^A (U+0001)
               not set up for use with LaTeX.

See the LaTeX manual or LaTeX Companion for explanation.
Type  H <return>  for immediate help.
 ...                                              
                                                  
l.3 ...^^@*^^Aƒ’À^^\;^^@^^@^^@^^@^^Cè^^By^^@^^@^^A
                                                  —^^@^^@^^@^^C^^@^^Aó^^SKñ`...

? 

! LaTeX Error: Invalid UTF-8 byte "97.

See the LaTeX manual or LaTeX Companion for explanation.
Type  H <return>  for immediate help.
 ...                                              
                                                  
l.3 ...^@*^^Aƒ’À^^\;^^@^^@^^@^^@^^Cè^^By^^@^^@^^A—
                                                  ^^@^^@^^@^^C^^@^^Aó^^SKñ`y^^@

? H
The document does not appear to be in UTF-8 encoding.
Try adding \UseRawInputEncoding as the first line of the file
or specify an encoding such as \usepackage [latin1]{inputenc}
in the document preamble.
Alternatively, save the file in UTF-8 using your editor or another tool
? 
! Text line contains an invalid character.
l.3 ...^^Aƒ’À^^\;^^@^^@^^@^^@^^Cè^^By^^@^^@^^A—^^@
                                                  ^^@^^@^^C^^@^^Aó^^SKñ`y^^@
? H
A funny symbol that I can't read has just been input.
Continue, and I'll forget that it ever happened.

? 
! Text line contains an invalid character.
l.3 ...ƒ’À^^\;^^@^^@^^@^^@^^Cè^^By^^@^^@^^A—^^@^^@
                                                  ^^@^^C^^@^^Aó^^SKñ`y^^@
? 341hw4.dvi
Type <return> to proceed, S to scroll future error messages,
R to run without stopping, Q to run quietly,
I to insert something, E to edit your file,
H for help, X to quit.
? 
! Text line contains an invalid character.
l.3 ...^^\;^^@^^@^^@^^@^^Cè^^By^^@^^@^^A—^^@^^@^^@
                                                  ^^C^^@^^Aó^^SKñ`y^^@
? 341hw4.dvi
Type <return> to proceed, S to scroll future error messages,
R to run without stopping, Q to run quietly,
I to insert something, E to edit your file,
H for help, X to quit.
? R
OK, entering \nonstopmode...

! LaTeX Error: Unicode character ^^C (U+0003)
               not set up for use with LaTeX.

See the LaTeX manual or LaTeX Companion for explanation.
Type  H <return>  for immediate help.
 ...                                              
                                                  
l.3 ...;^^@^^@^^@^^@^^Cè^^By^^@^^@^^A—^^@^^@^^@^^C
                                                  ^^@^^Aó^^SKñ`y^^@
You may provide a definition with
\DeclareUnicodeCharacter 

! Text line contains an invalid character.
l.3 ...@^^@^^@^^@^^Cè^^By^^@^^@^^A—^^@^^@^^@^^C^^@
                                                  ^^Aó^^SKñ`y^^@
A funny symbol that I can't read has just been input.
Continue, and I'll forget that it ever happened.


! LaTeX Error: Unicode character ^^A (U+0001)
               not set up for use with LaTeX.

See the LaTeX manual or LaTeX Companion for explanation.
Type  H <return>  for immediate help.
 ...                                              
                                                  
l.3 ...@^^@^^@^^Cè^^By^^@^^@^^A—^^@^^@^^@^^C^^@^^A
                                                  ó^^SKñ`y^^@
You may provide a definition with
\DeclareUnicodeCharacter 


! LaTeX Error: Invalid UTF-8 byte sequence (ó^^SKñ).

See the LaTeX manual or LaTeX Companion for explanation.
Type  H <return>  for immediate help.
 ...                                              
                                                  
l.3 ...@^^Cè^^By^^@^^@^^A—^^@^^@^^@^^C^^@^^Aó^^SKñ
                                                  `y^^@
The document does not appear to be in UTF-8 encoding.
Try adding \UseRawInputEncoding as the first line of the file
or specify an encoding such as \usepackage [latin1]{inputenc}
in the document preamble.
Alternatively, save the file in UTF-8 using your editor or another tool

Missing character: There is no ` in font nullfont!
Missing character: There is no y in font nullfont!
! Text line contains an invalid character.
l.3 ...^^By^^@^^@^^A—^^@^^@^^@^^C^^@^^Aó^^SKñ`y^^@
                                                  
A funny symbol that I can't read has just been input.
Continue, and I'll forget that it ever happened.

! Text line contains an invalid character.
l.4 ^^@
       ^^@^^@
A funny symbol that I can't read has just been input.
Continue, and I'll forget that it ever happened.

! Text line contains an invalid character.
l.4 ^^@^^@
          ^^@
A funny symbol that I can't read has just been input.
Continue, and I'll forget that it ever happened.

! Text line contains an invalid character.
l.4 ^^@^^@^^@
             
A funny symbol that I can't read has just been input.
Continue, and I'll forget that it ever happened.


Overfull \hbox (20.0pt too wide) in paragraph at lines 3--4
[] 
 []

! Text line contains an invalid character.
l.5 ^^@
       ^^@^^@^^Ecmr10ù^^@^^@^^@À^^Bßßßß
A funny symbol that I can't read has just been input.
Continue, and I'll forget that it ever happened.

! Text line contains an invalid character.
l.5 ^^@^^@
          ^^@^^Ecmr10ù^^@^^@^^@À^^Bßßßß
A funny symbol that I can't read has just been input.
Continue, and I'll forget that it ever happened.

! Text line contains an invalid character.
l.5 ^^@^^@^^@
             ^^Ecmr10ù^^@^^@^^@À^^Bßßßß
A funny symbol that I can't read has just been input.
Continue, and I'll forget that it ever happened.


! LaTeX Error: Unicode character ^^E (U+0005)
               not set up for use with LaTeX.

See the LaTeX manual or LaTeX Companion for explanation.
Type  H <return>  for immediate help.
 ...                                              
                                                  
l.5 ^^@^^@^^@^^E
                cmr10ù^^@^^@^^@À^^Bßßßß
You may provide a definition with
\DeclareUnicodeCharacter 


! LaTeX Error: Missing \begin{document}.

See the LaTeX manual or LaTeX Companion for explanation.
Type  H <return>  for immediate help.
 ...                                              
                                                  
l.5 ^^@^^@^^@^^Ec
                 mr10ù^^@^^@^^@À^^Bßßßß
You're in trouble here.  Try typing  <return>  to proceed.
If that doesn't work, type  X <return>  to quit.

Missing character: There is no c in font nullfont!
Missing character: There is no m in font nullfont!
Missing character: There is no r in font nullfont!
Missing character: There is no 1 in font nullfont!
Missing character: There is no 0 in font nullfont!

! LaTeX Error: Invalid UTF-8 byte "F9.

See the LaTeX manual or LaTeX Companion for explanation.
Type  H <return>  for immediate help.
 ...                                              
                                                  
l.5 ^^@^^@^^@^^Ecmr10ù
                      ^^@^^@^^@À^^Bßßßß
The document does not appear to be in UTF-8 encoding.
Try adding \UseRawInputEncoding as the first line of the file
or specify an encoding such as \usepackage [latin1]{inputenc}
in the document preamble.
Alternatively, save the file in UTF-8 using your editor or another tool

! Text line contains an invalid character.
l.5 ^^@^^@^^@^^Ecmr10ù^^@
                         ^^@^^@À^^Bßßßß
A funny symbol that I can't read has just been input.
Continue, and I'll forget that it ever happened.

! Text line contains an invalid character.
l.5 ^^@^^@^^@^^Ecmr10ù^^@^^@
                            ^^@À^^Bßßßß
A funny symbol that I can't read has just been input.
Continue, and I'll forget that it ever happened.

! Text line contains an invalid character.
l.5 ^^@^^@^^@^^Ecmr10ù^^@^^@^^@
                               À^^Bßßßß
A funny symbol that I can't read has just been input.
Continue, and I'll forget that it ever happened.


! LaTeX Error: Invalid UTF-8 byte "C0.

See the LaTeX manual or LaTeX Companion for explanation.
Type  H <return>  for immediate help.
 ...                                              
                                                  
l.5 ^^@^^@^^@^^Ecmr10ù^^@^^@^^@À
                                ^^Bßßßß
The document does not appear to be in UTF-8 encoding.
Try adding \UseRawInputEncoding as the first line of the file
or specify an encoding such as \usepackage [latin1]{inputenc}
in the document preamble.
Alternatively, save the file in UTF-8 using your editor or another tool


! LaTeX Error: Unicode character ^^B (U+0002)
               not set up for use with LaTeX.

See the LaTeX manual or LaTeX Companion for explanation.
Type  H <return>  for immediate help.
 ...                                              
                                                  
l.5 ^^@^^@^^@^^Ecmr10ù^^@^^@^^@À^^B
                                   ßßßß
You may provide a definition with
\DeclareUnicodeCharacter 


! LaTeX Error: Invalid UTF-8 byte sequence (ßß).

See the LaTeX manual or LaTeX Companion for explanation.
Type  H <return>  for immediate help.
 ...                                              
                                                  
l.5 ^^@^^@^^@^^Ecmr10ù^^@^^@^^@À^^Bßß
                                     ßß
The document does not appear to be in UTF-8 encoding.
Try adding \UseRawInputEncoding as the first line of the file
or specify an encoding such as \usepackage [latin1]{inputenc}
in the document preamble.
Alternatively, save the file in UTF-8 using your editor or another tool


! LaTeX Error: Invalid UTF-8 byte sequence (ßß).

See the LaTeX manual or LaTeX Companion for explanation.
Type  H <return>  for immediate help.
 ...                                              
                                                  
l.5 ^^@^^@^^@^^Ecmr10ù^^@^^@^^@À^^Bßßßß
                                       
The document does not appear to be in UTF-8 encoding.
Try adding \UseRawInputEncoding as the first line of the file
or specify an encoding such as \usepackage [latin1]{inputenc}
in the document preamble.
Alternatively, save the file in UTF-8 using your editor or another tool

)
Missing character: There is no 3 in font nullfont!
Missing character: There is no 4 in font nullfont!
Missing character: There is no 1 in font nullfont!
Missing character: There is no h in font nullfont!
Missing character: There is no w in font nullfont!
Missing character: There is no 4 in font nullfont!
Missing character: There is no . in font nullfont!
Missing character: There is no d in font nullfont!
Missing character: There is no v in font nullfont!
Missing character: There is no i in font nullfont!
! Emergency stop.
<*> dviout 341hw4.dvi
                     
*** (job aborted, no legal \end found)

 
Here is how much of TeX's memory you used:
 24 strings out of 477036
 427 string characters out of 5828638
 335423 words of memory out of 5000000
 21269 multiletter control sequences out of 15000+600000
 469259 words of font info for 28 fonts, out of 8000000 for 9000
 14 hyphenation exceptions out of 8191
 13i,0n,12p,201b,14s stack positions out of 10000i,1000n,20000p,200000b,200000s
No pages of output.
